<?xml version="1.0" encoding="UTF-8"?>
<robot generator="Robot 7.0 (Python 3.12.2 on win32)" generated="2024-04-01T22:00:43.906243" rpa="false" schemaversion="5">
<suite id="s1" name="Tests" source="C:\Users\t.vinicius.santos\Desktop\robot\robot-qacoders\servrest\tests">
<suite id="s1-s1" name="Delete Serverest" source="C:\Users\t.vinicius.santos\Desktop\robot\robot-qacoders\servrest\tests\delete_serverest.robot">
<test id="s1-s1-t1" name="DELETE: Excluir usuário existente" line="5">
<kw name="Criar um novo usuário" owner="serverest_tests">
<kw name="Generate Random String" owner="String">
<msg time="2024-04-01T22:00:44.183686" level="INFO">${random_word} = EZbGLRId</msg>
<var>${random_word}</var>
<arg>length=8</arg>
<arg>chars=[LETTERS]</arg>
<doc>Generates a string with a desired ``length`` from the given ``chars``.</doc>
<status status="PASS" start="2024-04-01T22:00:44.183686" elapsed="0.000000"/>
</kw>
<kw name="Convert To Lower Case" owner="String">
<msg time="2024-04-01T22:00:44.183686" level="INFO">${random_word} = ezbglrid</msg>
<var>${random_word}</var>
<arg>${random_word}</arg>
<doc>Converts string to lower case.</doc>
<status status="PASS" start="2024-04-01T22:00:44.183686" elapsed="0.000000"/>
</kw>
<kw name="Set Test Variable" owner="BuiltIn">
<msg time="2024-04-01T22:00:44.183686" level="INFO">${EMAIL_TEST} = ezbglrid@qacoders.com.br</msg>
<arg>${EMAIL_TEST}</arg>
<arg>${random_word}@qacoders.com.br</arg>
<doc>Makes a variable available everywhere within the scope of the current test.</doc>
<status status="PASS" start="2024-04-01T22:00:44.183686" elapsed="0.000000"/>
</kw>
<kw name="Log" owner="BuiltIn">
<msg time="2024-04-01T22:00:44.183686" level="INFO">ezbglrid@qacoders.com.br</msg>
<arg>${EMAIL_TEST}</arg>
<doc>Logs the given message with the given level.</doc>
<status status="PASS" start="2024-04-01T22:00:44.183686" elapsed="0.000000"/>
</kw>
<status status="PASS" start="2024-04-01T22:00:44.183686" elapsed="0.000000"/>
</kw>
<kw name="Cadastrar um novo usuário criado" owner="serverest_tests">
<kw name="Create Dictionary" owner="BuiltIn">
<msg time="2024-04-01T22:00:44.183686" level="INFO">${body} = {'nome': 'Fulano da Silva', 'email': 'ezbglrid@qacoders.com.br', 'password': 'teste', 'administrador': 'true'}</msg>
<var>${body}</var>
<arg>nome=${nome}</arg>
<arg>email=${EMAIL_TEST}</arg>
<arg>password=${pass}</arg>
<arg>administrador=${admin}</arg>
<doc>Creates and returns a dictionary based on the given ``items``.</doc>
<status status="PASS" start="2024-04-01T22:00:44.183686" elapsed="0.000000"/>
</kw>
<kw name="Log" owner="BuiltIn">
<msg time="2024-04-01T22:00:44.183686" level="INFO">{'nome': 'Fulano da Silva', 'email': 'ezbglrid@qacoders.com.br', 'password': 'teste', 'administrador': 'true'}</msg>
<arg>${body}</arg>
<doc>Logs the given message with the given level.</doc>
<status status="PASS" start="2024-04-01T22:00:44.183686" elapsed="0.000000"/>
</kw>
<kw name="Criar Sessão" owner="serverest_tests">
<kw name="Create Dictionary" owner="BuiltIn">
<msg time="2024-04-01T22:00:44.183686" level="INFO">${headers} = {'accept': 'application/json', 'Content-Type': 'application/json'}</msg>
<var>${headers}</var>
<arg>accept=application/json</arg>
<arg>Content-Type=application/json</arg>
<doc>Creates and returns a dictionary based on the given ``items``.</doc>
<status status="PASS" start="2024-04-01T22:00:44.183686" elapsed="0.000000"/>
</kw>
<kw name="Create Session" owner="RequestsLibrary">
<msg time="2024-04-01T22:00:44.183686" level="INFO">Creating Session using : alias=APIServerest, url=https://serverest.dev/#, headers={'accept': 'application/json', 'Content-Type': 'application/json'},                     cookies={}, auth=None, timeout=None, proxies=None, verify=False,                     debug=0 </msg>
<arg>alias=${ALIAS}</arg>
<arg>url=${url}</arg>
<arg>headers=${headers}</arg>
<arg>disable_warnings=1</arg>
<doc>Create Session: create a HTTP session to a server</doc>
<status status="PASS" start="2024-04-01T22:00:44.183686" elapsed="0.000000"/>
</kw>
<status status="PASS" start="2024-04-01T22:00:44.183686" elapsed="0.000000"/>
</kw>
<kw name="POST On Session" owner="RequestsLibrary">
<msg time="2024-04-01T22:00:44.904642" level="INFO">POST Request : url=https://serverest.dev/usuarios 
 path_url=/usuarios 
 headers={'User-Agent': 'python-requests/2.31.0', 'Accept-Encoding': 'gzip, deflate', 'accept': 'application/json', 'Connection': 'keep-alive', 'Content-Type': 'application/json', 'Content-Length': '110'} 
 body=b'{"nome": "Fulano da Silva", "email": "ezbglrid@qacoders.com.br", "password": "teste", "administrador": "true"}' 
 </msg>
<msg time="2024-04-01T22:00:44.904642" level="INFO">POST Response : url=https://serverest.dev/usuarios 
 status=201, reason=Created 
 headers={'access-control-allow-origin': '*', 'x-dns-prefetch-control': 'off', 'x-frame-options': 'SAMEORIGIN', 'strict-transport-security': 'max-age=15552000; includeSubDomains', 'x-download-options': 'noopen', 'x-content-type-options': 'nosniff', 'x-xss-protection': '1; mode=block', 'content-type': 'application/json; charset=utf-8', 'X-Cloud-Trace-Context': 'd87828e5217527b7cf7cfd77e4230e40;o=1', 'Date': 'Tue, 02 Apr 2024 01:00:45 GMT', 'Server': 'Google Frontend', 'Content-Length': '82'} 
 body={
    "message": "Cadastro realizado com sucesso",
    "_id": "7vFd1sWKlV8NkS73"
} 
 </msg>
<msg time="2024-04-01T22:00:44.904642" level="INFO">${resposta} = &lt;Response [201]&gt;</msg>
<var>${resposta}</var>
<arg>alias=${ALIAS}</arg>
<arg>url=/usuarios</arg>
<arg>json=${body}</arg>
<doc>Sends a POST request on a previously created HTTP Session.</doc>
<status status="PASS" start="2024-04-01T22:00:44.183686" elapsed="0.720956"/>
</kw>
<kw name="Log" owner="BuiltIn">
<msg time="2024-04-01T22:00:44.904642" level="INFO">{'message': 'Cadastro realizado com sucesso', '_id': '7vFd1sWKlV8NkS73'}</msg>
<arg>${resposta.json()}</arg>
<doc>Logs the given message with the given level.</doc>
<status status="PASS" start="2024-04-01T22:00:44.904642" elapsed="0.000000"/>
</kw>
<kw name="Set Test Variable" owner="BuiltIn">
<msg time="2024-04-01T22:00:44.904642" level="INFO">${ID_USER} = 7vFd1sWKlV8NkS73</msg>
<arg>${ID_USER}</arg>
<arg>${resposta.json()["_id"]}</arg>
<doc>Makes a variable available everywhere within the scope of the current test.</doc>
<status status="PASS" start="2024-04-01T22:00:44.904642" elapsed="0.000000"/>
</kw>
<kw name="Set Test Variable" owner="BuiltIn">
<msg time="2024-04-01T22:00:44.904642" level="INFO">${RESPOSTA} = {'message': 'Cadastro realizado com sucesso', '_id': '7vFd1sWKlV8NkS73'}</msg>
<arg>${RESPOSTA}</arg>
<arg>${resposta.json()}</arg>
<doc>Makes a variable available everywhere within the scope of the current test.</doc>
<status status="PASS" start="2024-04-01T22:00:44.904642" elapsed="0.000000"/>
</kw>
<status status="PASS" start="2024-04-01T22:00:44.183686" elapsed="0.720956"/>
</kw>
<kw name="Excluir o usuário criado" owner="serverest_tests">
<kw name="DELETE On Session" owner="RequestsLibrary">
<msg time="2024-04-01T22:00:45.287174" level="INFO">DELETE Request : url=https://serverest.dev/usuarios/7vFd1sWKlV8NkS73 
 path_url=/usuarios/7vFd1sWKlV8NkS73 
 headers={'User-Agent': 'python-requests/2.31.0', 'Accept-Encoding': 'gzip, deflate', 'accept': 'application/json', 'Connection': 'keep-alive', 'Content-Type': 'application/json', 'Content-Length': '0'} 
 body=None 
 </msg>
<msg time="2024-04-01T22:00:45.287174" level="INFO">DELETE Response : url=https://serverest.dev/usuarios/7vFd1sWKlV8NkS73 
 status=200, reason=OK 
 headers={'access-control-allow-origin': '*', 'x-dns-prefetch-control': 'off', 'x-frame-options': 'SAMEORIGIN', 'strict-transport-security': 'max-age=15552000; includeSubDomains', 'x-download-options': 'noopen', 'x-content-type-options': 'nosniff', 'x-xss-protection': '1; mode=block', 'content-type': 'application/json; charset=utf-8', 'X-Cloud-Trace-Context': '5786d4ef8e50c180286bf836f519ab1e', 'Date': 'Tue, 02 Apr 2024 01:00:45 GMT', 'Server': 'Google Frontend', 'Content-Length': '51'} 
 body={
    "message": "Registro excluído com sucesso"
} 
 </msg>
<msg time="2024-04-01T22:00:45.287174" level="INFO">${excluir_usuario} = &lt;Response [200]&gt;</msg>
<var>${excluir_usuario}</var>
<arg>alias=APIServerest</arg>
<arg>url=/usuarios/${ID_USER}</arg>
<arg>expected_status=200</arg>
<doc>Sends a DELETE request on a previously created HTTP Session.</doc>
<status status="PASS" start="2024-04-01T22:00:44.904642" elapsed="0.382532"/>
</kw>
<kw name="Set Test Variable" owner="BuiltIn">
<msg time="2024-04-01T22:00:45.287174" level="INFO">${RESPOSTA_EXCLUSAO} = {'message': 'Registro excluído com sucesso'}</msg>
<arg>${RESPOSTA_EXCLUSAO}</arg>
<arg>${excluir_usuario.json()}</arg>
<doc>Makes a variable available everywhere within the scope of the current test.</doc>
<status status="PASS" start="2024-04-01T22:00:45.287174" elapsed="0.000000"/>
</kw>
<status status="PASS" start="2024-04-01T22:00:44.904642" elapsed="0.382532"/>
</kw>
<kw name="Verificar se o usuário foi excluído corretamente" owner="serverest_tests">
<kw name="Log" owner="BuiltIn">
<msg time="2024-04-01T22:00:45.287174" level="INFO">{'message': 'Registro excluído com sucesso'}</msg>
<arg>${RESPOSTA_EXCLUSAO}</arg>
<doc>Logs the given message with the given level.</doc>
<status status="PASS" start="2024-04-01T22:00:45.287174" elapsed="0.000000"/>
</kw>
<status status="PASS" start="2024-04-01T22:00:45.287174" elapsed="0.000000"/>
</kw>
<status status="PASS" start="2024-04-01T22:00:44.183686" elapsed="1.103488"/>
</test>
<status status="PASS" start="2024-04-01T22:00:43.937503" elapsed="1.349671"/>
</suite>
<suite id="s1-s2" name="Get Serverest" source="C:\Users\t.vinicius.santos\Desktop\robot\robot-qacoders\servrest\tests\get_serverest.robot">
<test id="s1-s2-t1" name="GET: Consultar dados um novo usuário cadastrado" line="5">
<kw name="Criar um novo usuário" owner="serverest_tests">
<kw name="Generate Random String" owner="String">
<msg time="2024-04-01T22:00:45.302884" level="INFO">${random_word} = MEZXdZwX</msg>
<var>${random_word}</var>
<arg>length=8</arg>
<arg>chars=[LETTERS]</arg>
<doc>Generates a string with a desired ``length`` from the given ``chars``.</doc>
<status status="PASS" start="2024-04-01T22:00:45.302884" elapsed="0.000000"/>
</kw>
<kw name="Convert To Lower Case" owner="String">
<msg time="2024-04-01T22:00:45.302884" level="INFO">${random_word} = mezxdzwx</msg>
<var>${random_word}</var>
<arg>${random_word}</arg>
<doc>Converts string to lower case.</doc>
<status status="PASS" start="2024-04-01T22:00:45.302884" elapsed="0.000000"/>
</kw>
<kw name="Set Test Variable" owner="BuiltIn">
<msg time="2024-04-01T22:00:45.302884" level="INFO">${EMAIL_TEST} = mezxdzwx@qacoders.com.br</msg>
<arg>${EMAIL_TEST}</arg>
<arg>${random_word}@qacoders.com.br</arg>
<doc>Makes a variable available everywhere within the scope of the current test.</doc>
<status status="PASS" start="2024-04-01T22:00:45.302884" elapsed="0.000000"/>
</kw>
<kw name="Log" owner="BuiltIn">
<msg time="2024-04-01T22:00:45.302884" level="INFO">mezxdzwx@qacoders.com.br</msg>
<arg>${EMAIL_TEST}</arg>
<doc>Logs the given message with the given level.</doc>
<status status="PASS" start="2024-04-01T22:00:45.302884" elapsed="0.000000"/>
</kw>
<status status="PASS" start="2024-04-01T22:00:45.302884" elapsed="0.000000"/>
</kw>
<kw name="Cadastrar um novo usuário criado" owner="serverest_tests">
<kw name="Create Dictionary" owner="BuiltIn">
<msg time="2024-04-01T22:00:45.302884" level="INFO">${body} = {'nome': 'Fulano da Silva', 'email': 'mezxdzwx@qacoders.com.br', 'password': 'teste', 'administrador': 'true'}</msg>
<var>${body}</var>
<arg>nome=${nome}</arg>
<arg>email=${EMAIL_TEST}</arg>
<arg>password=${pass}</arg>
<arg>administrador=${admin}</arg>
<doc>Creates and returns a dictionary based on the given ``items``.</doc>
<status status="PASS" start="2024-04-01T22:00:45.302884" elapsed="0.000000"/>
</kw>
<kw name="Log" owner="BuiltIn">
<msg time="2024-04-01T22:00:45.302884" level="INFO">{'nome': 'Fulano da Silva', 'email': 'mezxdzwx@qacoders.com.br', 'password': 'teste', 'administrador': 'true'}</msg>
<arg>${body}</arg>
<doc>Logs the given message with the given level.</doc>
<status status="PASS" start="2024-04-01T22:00:45.302884" elapsed="0.000000"/>
</kw>
<kw name="Criar Sessão" owner="serverest_tests">
<kw name="Create Dictionary" owner="BuiltIn">
<msg time="2024-04-01T22:00:45.302884" level="INFO">${headers} = {'accept': 'application/json', 'Content-Type': 'application/json'}</msg>
<var>${headers}</var>
<arg>accept=application/json</arg>
<arg>Content-Type=application/json</arg>
<doc>Creates and returns a dictionary based on the given ``items``.</doc>
<status status="PASS" start="2024-04-01T22:00:45.302884" elapsed="0.000000"/>
</kw>
<kw name="Create Session" owner="RequestsLibrary">
<msg time="2024-04-01T22:00:45.302884" level="INFO">Creating Session using : alias=APIServerest, url=https://serverest.dev/#, headers={'accept': 'application/json', 'Content-Type': 'application/json'},                     cookies={}, auth=None, timeout=None, proxies=None, verify=False,                     debug=0 </msg>
<arg>alias=${ALIAS}</arg>
<arg>url=${url}</arg>
<arg>headers=${headers}</arg>
<arg>disable_warnings=1</arg>
<doc>Create Session: create a HTTP session to a server</doc>
<status status="PASS" start="2024-04-01T22:00:45.302884" elapsed="0.000000"/>
</kw>
<status status="PASS" start="2024-04-01T22:00:45.302884" elapsed="0.000000"/>
</kw>
<kw name="POST On Session" owner="RequestsLibrary">
<msg time="2024-04-01T22:00:45.653377" level="INFO">POST Request : url=https://serverest.dev/usuarios 
 path_url=/usuarios 
 headers={'User-Agent': 'python-requests/2.31.0', 'Accept-Encoding': 'gzip, deflate', 'accept': 'application/json', 'Connection': 'keep-alive', 'Content-Type': 'application/json', 'Content-Length': '110'} 
 body=b'{"nome": "Fulano da Silva", "email": "mezxdzwx@qacoders.com.br", "password": "teste", "administrador": "true"}' 
 </msg>
<msg time="2024-04-01T22:00:45.653377" level="INFO">POST Response : url=https://serverest.dev/usuarios 
 status=201, reason=Created 
 headers={'access-control-allow-origin': '*', 'x-dns-prefetch-control': 'off', 'x-frame-options': 'SAMEORIGIN', 'strict-transport-security': 'max-age=15552000; includeSubDomains', 'x-download-options': 'noopen', 'x-content-type-options': 'nosniff', 'x-xss-protection': '1; mode=block', 'content-type': 'application/json; charset=utf-8', 'X-Cloud-Trace-Context': 'afadc9ecad50fdc668a349b91e5b65ca', 'Date': 'Tue, 02 Apr 2024 01:00:46 GMT', 'Server': 'Google Frontend', 'Content-Length': '82'} 
 body={
    "message": "Cadastro realizado com sucesso",
    "_id": "kgxAyeykDT16ajTE"
} 
 </msg>
<msg time="2024-04-01T22:00:45.653377" level="INFO">${resposta} = &lt;Response [201]&gt;</msg>
<var>${resposta}</var>
<arg>alias=${ALIAS}</arg>
<arg>url=/usuarios</arg>
<arg>json=${body}</arg>
<doc>Sends a POST request on a previously created HTTP Session.</doc>
<status status="PASS" start="2024-04-01T22:00:45.302884" elapsed="0.350493"/>
</kw>
<kw name="Log" owner="BuiltIn">
<msg time="2024-04-01T22:00:45.653377" level="INFO">{'message': 'Cadastro realizado com sucesso', '_id': 'kgxAyeykDT16ajTE'}</msg>
<arg>${resposta.json()}</arg>
<doc>Logs the given message with the given level.</doc>
<status status="PASS" start="2024-04-01T22:00:45.653377" elapsed="0.000000"/>
</kw>
<kw name="Set Test Variable" owner="BuiltIn">
<msg time="2024-04-01T22:00:45.653377" level="INFO">${ID_USER} = kgxAyeykDT16ajTE</msg>
<arg>${ID_USER}</arg>
<arg>${resposta.json()["_id"]}</arg>
<doc>Makes a variable available everywhere within the scope of the current test.</doc>
<status status="PASS" start="2024-04-01T22:00:45.653377" elapsed="0.000000"/>
</kw>
<kw name="Set Test Variable" owner="BuiltIn">
<msg time="2024-04-01T22:00:45.653377" level="INFO">${RESPOSTA} = {'message': 'Cadastro realizado com sucesso', '_id': 'kgxAyeykDT16ajTE'}</msg>
<arg>${RESPOSTA}</arg>
<arg>${resposta.json()}</arg>
<doc>Makes a variable available everywhere within the scope of the current test.</doc>
<status status="PASS" start="2024-04-01T22:00:45.653377" elapsed="0.000000"/>
</kw>
<status status="PASS" start="2024-04-01T22:00:45.302884" elapsed="0.350493"/>
</kw>
<kw name="Consultar os dados do usuário" owner="serverest_tests">
<kw name="GET On Session" owner="RequestsLibrary">
<msg time="2024-04-01T22:00:45.830570" level="INFO">GET Request : url=https://serverest.dev/usuarios/kgxAyeykDT16ajTE 
 path_url=/usuarios/kgxAyeykDT16ajTE 
 headers={'User-Agent': 'python-requests/2.31.0', 'Accept-Encoding': 'gzip, deflate', 'accept': 'application/json', 'Connection': 'keep-alive', 'Content-Type': 'application/json'} 
 body=None 
 </msg>
<msg time="2024-04-01T22:00:45.830570" level="INFO">GET Response : url=https://serverest.dev/usuarios/kgxAyeykDT16ajTE 
 status=200, reason=OK 
 headers={'access-control-allow-origin': '*', 'x-dns-prefetch-control': 'off', 'x-frame-options': 'SAMEORIGIN', 'strict-transport-security': 'max-age=15552000; includeSubDomains', 'x-download-options': 'noopen', 'x-content-type-options': 'nosniff', 'x-xss-protection': '1; mode=block', 'content-type': 'application/json; charset=utf-8', 'X-Cloud-Trace-Context': '53af5b526b60854c41538ce858d30626', 'Date': 'Tue, 02 Apr 2024 01:00:46 GMT', 'Server': 'Google Frontend', 'Content-Length': '159'} 
 body={
    "nome": "Fulano da Silva",
    "email": "mezxdzwx@qacoders.com.br",
    "password": "teste",
    "administrador": "true",
    "_id": "kgxAyeykDT16ajTE"
} 
 </msg>
<msg time="2024-04-01T22:00:45.830570" level="INFO">${resposta_consulta} = &lt;Response [200]&gt;</msg>
<var>${resposta_consulta}</var>
<arg>alias=${ALIAS}</arg>
<arg>url=/usuarios/${ID_USER}</arg>
<arg>expected_status=200</arg>
<doc>Sends a GET request on a previously created HTTP Session.</doc>
<status status="PASS" start="2024-04-01T22:00:45.653377" elapsed="0.177193"/>
</kw>
<kw name="Set Test Variable" owner="BuiltIn">
<msg time="2024-04-01T22:00:45.830570" level="INFO">${RESPOSTA_CONSULTA} = {'nome': 'Fulano da Silva', 'email': 'mezxdzwx@qacoders.com.br', 'password': 'teste', 'administrador': 'true', '_id': 'kgxAyeykDT16ajTE'}</msg>
<arg>${RESPOSTA_CONSULTA}</arg>
<arg>${resposta_consulta.json()}</arg>
<doc>Makes a variable available everywhere within the scope of the current test.</doc>
<status status="PASS" start="2024-04-01T22:00:45.830570" elapsed="0.000000"/>
</kw>
<status status="PASS" start="2024-04-01T22:00:45.653377" elapsed="0.177193"/>
</kw>
<kw name="Conferir os dados retornados do novo usuário" owner="serverest_tests">
<kw name="Log" owner="BuiltIn">
<msg time="2024-04-01T22:00:45.846229" level="INFO">{'nome': 'Fulano da Silva', 'email': 'mezxdzwx@qacoders.com.br', 'password': 'teste', 'administrador': 'true', '_id': 'kgxAyeykDT16ajTE'}</msg>
<arg>${RESPOSTA_CONSULTA}</arg>
<doc>Logs the given message with the given level.</doc>
<status status="PASS" start="2024-04-01T22:00:45.846229" elapsed="0.000000"/>
</kw>
<kw name="Dictionary Should Contain Item" owner="Collections">
<msg time="2024-04-01T22:00:45.846229" level="INFO">False
False</msg>
<arg>${RESPOSTA_CONSULTA}</arg>
<arg>nome</arg>
<arg>${nome}</arg>
<doc>An item of ``key`` / ``value`` must be found in a ``dictionary``.</doc>
<status status="PASS" start="2024-04-01T22:00:45.846229" elapsed="0.000000"/>
</kw>
<kw name="Dictionary Should Contain Item" owner="Collections">
<msg time="2024-04-01T22:00:45.846229" level="INFO">False
False</msg>
<arg>${RESPOSTA_CONSULTA}</arg>
<arg>email</arg>
<arg>${EMAIL_TEST}</arg>
<doc>An item of ``key`` / ``value`` must be found in a ``dictionary``.</doc>
<status status="PASS" start="2024-04-01T22:00:45.846229" elapsed="0.000000"/>
</kw>
<kw name="Dictionary Should Contain Item" owner="Collections">
<msg time="2024-04-01T22:00:45.846229" level="INFO">False
False</msg>
<arg>${RESPOSTA_CONSULTA}</arg>
<arg>password</arg>
<arg>${pass}</arg>
<doc>An item of ``key`` / ``value`` must be found in a ``dictionary``.</doc>
<status status="PASS" start="2024-04-01T22:00:45.846229" elapsed="0.000000"/>
</kw>
<kw name="Dictionary Should Contain Item" owner="Collections">
<msg time="2024-04-01T22:00:45.846229" level="INFO">False
False</msg>
<arg>${RESPOSTA_CONSULTA}</arg>
<arg>administrador</arg>
<arg>${admin}</arg>
<doc>An item of ``key`` / ``value`` must be found in a ``dictionary``.</doc>
<status status="PASS" start="2024-04-01T22:00:45.846229" elapsed="0.000000"/>
</kw>
<kw name="Dictionary Should Contain Item" owner="Collections">
<msg time="2024-04-01T22:00:45.846229" level="INFO">False
False</msg>
<arg>${RESPOSTA_CONSULTA}</arg>
<arg>_id</arg>
<arg>${ID_USER}</arg>
<doc>An item of ``key`` / ``value`` must be found in a ``dictionary``.</doc>
<status status="PASS" start="2024-04-01T22:00:45.846229" elapsed="0.000000"/>
</kw>
<status status="PASS" start="2024-04-01T22:00:45.846229" elapsed="0.000000"/>
</kw>
<status status="PASS" start="2024-04-01T22:00:45.302884" elapsed="0.543345"/>
</test>
<status status="PASS" start="2024-04-01T22:00:45.287174" elapsed="0.559055"/>
</suite>
<suite id="s1-s3" name="Post Serverest" source="C:\Users\t.vinicius.santos\Desktop\robot\robot-qacoders\servrest\tests\post_serverest.robot">
<test id="s1-s3-t1" name="POST: Cadastrar um usuário com sucesso" line="5">
<kw name="Criar um novo usuário" owner="serverest_tests">
<kw name="Generate Random String" owner="String">
<msg time="2024-04-01T22:00:45.866433" level="INFO">${random_word} = oSgIWLIw</msg>
<var>${random_word}</var>
<arg>length=8</arg>
<arg>chars=[LETTERS]</arg>
<doc>Generates a string with a desired ``length`` from the given ``chars``.</doc>
<status status="PASS" start="2024-04-01T22:00:45.866433" elapsed="0.000329"/>
</kw>
<kw name="Convert To Lower Case" owner="String">
<msg time="2024-04-01T22:00:45.866762" level="INFO">${random_word} = osgiwliw</msg>
<var>${random_word}</var>
<arg>${random_word}</arg>
<doc>Converts string to lower case.</doc>
<status status="PASS" start="2024-04-01T22:00:45.866762" elapsed="0.000000"/>
</kw>
<kw name="Set Test Variable" owner="BuiltIn">
<msg time="2024-04-01T22:00:45.866762" level="INFO">${EMAIL_TEST} = osgiwliw@qacoders.com.br</msg>
<arg>${EMAIL_TEST}</arg>
<arg>${random_word}@qacoders.com.br</arg>
<doc>Makes a variable available everywhere within the scope of the current test.</doc>
<status status="PASS" start="2024-04-01T22:00:45.866762" elapsed="0.000000"/>
</kw>
<kw name="Log" owner="BuiltIn">
<msg time="2024-04-01T22:00:45.866762" level="INFO">osgiwliw@qacoders.com.br</msg>
<arg>${EMAIL_TEST}</arg>
<doc>Logs the given message with the given level.</doc>
<status status="PASS" start="2024-04-01T22:00:45.866762" elapsed="0.000000"/>
</kw>
<status status="PASS" start="2024-04-01T22:00:45.861479" elapsed="0.005283"/>
</kw>
<kw name="Cadastrar um novo usuário criado" owner="serverest_tests">
<kw name="Create Dictionary" owner="BuiltIn">
<msg time="2024-04-01T22:00:45.866762" level="INFO">${body} = {'nome': 'Fulano da Silva', 'email': 'osgiwliw@qacoders.com.br', 'password': 'teste', 'administrador': 'true'}</msg>
<var>${body}</var>
<arg>nome=${nome}</arg>
<arg>email=${EMAIL_TEST}</arg>
<arg>password=${pass}</arg>
<arg>administrador=${admin}</arg>
<doc>Creates and returns a dictionary based on the given ``items``.</doc>
<status status="PASS" start="2024-04-01T22:00:45.866762" elapsed="0.000000"/>
</kw>
<kw name="Log" owner="BuiltIn">
<msg time="2024-04-01T22:00:45.866762" level="INFO">{'nome': 'Fulano da Silva', 'email': 'osgiwliw@qacoders.com.br', 'password': 'teste', 'administrador': 'true'}</msg>
<arg>${body}</arg>
<doc>Logs the given message with the given level.</doc>
<status status="PASS" start="2024-04-01T22:00:45.866762" elapsed="0.000000"/>
</kw>
<kw name="Criar Sessão" owner="serverest_tests">
<kw name="Create Dictionary" owner="BuiltIn">
<msg time="2024-04-01T22:00:45.866762" level="INFO">${headers} = {'accept': 'application/json', 'Content-Type': 'application/json'}</msg>
<var>${headers}</var>
<arg>accept=application/json</arg>
<arg>Content-Type=application/json</arg>
<doc>Creates and returns a dictionary based on the given ``items``.</doc>
<status status="PASS" start="2024-04-01T22:00:45.866762" elapsed="0.000000"/>
</kw>
<kw name="Create Session" owner="RequestsLibrary">
<msg time="2024-04-01T22:00:45.866762" level="INFO">Creating Session using : alias=APIServerest, url=https://serverest.dev/#, headers={'accept': 'application/json', 'Content-Type': 'application/json'},                     cookies={}, auth=None, timeout=None, proxies=None, verify=False,                     debug=0 </msg>
<arg>alias=${ALIAS}</arg>
<arg>url=${url}</arg>
<arg>headers=${headers}</arg>
<arg>disable_warnings=1</arg>
<doc>Create Session: create a HTTP session to a server</doc>
<status status="PASS" start="2024-04-01T22:00:45.866762" elapsed="0.000000"/>
</kw>
<status status="PASS" start="2024-04-01T22:00:45.866762" elapsed="0.000000"/>
</kw>
<kw name="POST On Session" owner="RequestsLibrary">
<msg time="2024-04-01T22:00:46.314574" level="INFO">POST Request : url=https://serverest.dev/usuarios 
 path_url=/usuarios 
 headers={'User-Agent': 'python-requests/2.31.0', 'Accept-Encoding': 'gzip, deflate', 'accept': 'application/json', 'Connection': 'keep-alive', 'Content-Type': 'application/json', 'Content-Length': '110'} 
 body=b'{"nome": "Fulano da Silva", "email": "osgiwliw@qacoders.com.br", "password": "teste", "administrador": "true"}' 
 </msg>
<msg time="2024-04-01T22:00:46.314574" level="INFO">POST Response : url=https://serverest.dev/usuarios 
 status=201, reason=Created 
 headers={'access-control-allow-origin': '*', 'x-dns-prefetch-control': 'off', 'x-frame-options': 'SAMEORIGIN', 'strict-transport-security': 'max-age=15552000; includeSubDomains', 'x-download-options': 'noopen', 'x-content-type-options': 'nosniff', 'x-xss-protection': '1; mode=block', 'content-type': 'application/json; charset=utf-8', 'X-Cloud-Trace-Context': 'b80fc1e83f9d69a179b703a0379b7042', 'Date': 'Tue, 02 Apr 2024 01:00:46 GMT', 'Server': 'Google Frontend', 'Content-Length': '82'} 
 body={
    "message": "Cadastro realizado com sucesso",
    "_id": "DoyJZNztoS50JTCG"
} 
 </msg>
<msg time="2024-04-01T22:00:46.314574" level="INFO">${resposta} = &lt;Response [201]&gt;</msg>
<var>${resposta}</var>
<arg>alias=${ALIAS}</arg>
<arg>url=/usuarios</arg>
<arg>json=${body}</arg>
<doc>Sends a POST request on a previously created HTTP Session.</doc>
<status status="PASS" start="2024-04-01T22:00:45.866762" elapsed="0.447812"/>
</kw>
<kw name="Log" owner="BuiltIn">
<msg time="2024-04-01T22:00:46.314574" level="INFO">{'message': 'Cadastro realizado com sucesso', '_id': 'DoyJZNztoS50JTCG'}</msg>
<arg>${resposta.json()}</arg>
<doc>Logs the given message with the given level.</doc>
<status status="PASS" start="2024-04-01T22:00:46.314574" elapsed="0.000000"/>
</kw>
<kw name="Set Test Variable" owner="BuiltIn">
<msg time="2024-04-01T22:00:46.314574" level="INFO">${ID_USER} = DoyJZNztoS50JTCG</msg>
<arg>${ID_USER}</arg>
<arg>${resposta.json()["_id"]}</arg>
<doc>Makes a variable available everywhere within the scope of the current test.</doc>
<status status="PASS" start="2024-04-01T22:00:46.314574" elapsed="0.000000"/>
</kw>
<kw name="Set Test Variable" owner="BuiltIn">
<msg time="2024-04-01T22:00:46.314574" level="INFO">${RESPOSTA} = {'message': 'Cadastro realizado com sucesso', '_id': 'DoyJZNztoS50JTCG'}</msg>
<arg>${RESPOSTA}</arg>
<arg>${resposta.json()}</arg>
<doc>Makes a variable available everywhere within the scope of the current test.</doc>
<status status="PASS" start="2024-04-01T22:00:46.314574" elapsed="0.000000"/>
</kw>
<status status="PASS" start="2024-04-01T22:00:45.866762" elapsed="0.447812"/>
</kw>
<kw name="Verificar se o usuário foi criado com sucesso" owner="serverest_tests">
<kw name="Log" owner="BuiltIn">
<msg time="2024-04-01T22:00:46.314574" level="INFO">{'message': 'Cadastro realizado com sucesso', '_id': 'DoyJZNztoS50JTCG'}</msg>
<arg>${RESPOSTA}</arg>
<doc>Logs the given message with the given level.</doc>
<status status="PASS" start="2024-04-01T22:00:46.314574" elapsed="0.000000"/>
</kw>
<kw name="Dictionary Should Contain Item" owner="Collections">
<msg time="2024-04-01T22:00:46.314574" level="INFO">False
False</msg>
<arg>${RESPOSTA}</arg>
<arg>message</arg>
<arg>Cadastro realizado com sucesso</arg>
<doc>An item of ``key`` / ``value`` must be found in a ``dictionary``.</doc>
<status status="PASS" start="2024-04-01T22:00:46.314574" elapsed="0.000000"/>
</kw>
<kw name="Dictionary Should Contain Key" owner="Collections">
<msg time="2024-04-01T22:00:46.314574" level="INFO">False</msg>
<arg>${RESPOSTA}</arg>
<arg>_id</arg>
<doc>Fails if ``key`` is not found from ``dictionary``.</doc>
<status status="PASS" start="2024-04-01T22:00:46.314574" elapsed="0.000000"/>
</kw>
<status status="PASS" start="2024-04-01T22:00:46.314574" elapsed="0.000000"/>
</kw>
<status status="PASS" start="2024-04-01T22:00:45.861479" elapsed="0.453095"/>
</test>
<status status="PASS" start="2024-04-01T22:00:45.854912" elapsed="0.459662"/>
</suite>
<suite id="s1-s4" name="Put Serverest" source="C:\Users\t.vinicius.santos\Desktop\robot\robot-qacoders\servrest\tests\put_serverest.robot">
<test id="s1-s4-t1" name="PUT: Atualizar os dados de um usuário" line="5">
<kw name="Criar um novo usuário" owner="serverest_tests">
<kw name="Generate Random String" owner="String">
<msg time="2024-04-01T22:00:46.337505" level="INFO">${random_word} = uzmSpzXV</msg>
<var>${random_word}</var>
<arg>length=8</arg>
<arg>chars=[LETTERS]</arg>
<doc>Generates a string with a desired ``length`` from the given ``chars``.</doc>
<status status="PASS" start="2024-04-01T22:00:46.336401" elapsed="0.001104"/>
</kw>
<kw name="Convert To Lower Case" owner="String">
<msg time="2024-04-01T22:00:46.337505" level="INFO">${random_word} = uzmspzxv</msg>
<var>${random_word}</var>
<arg>${random_word}</arg>
<doc>Converts string to lower case.</doc>
<status status="PASS" start="2024-04-01T22:00:46.337505" elapsed="0.000000"/>
</kw>
<kw name="Set Test Variable" owner="BuiltIn">
<msg time="2024-04-01T22:00:46.337505" level="INFO">${EMAIL_TEST} = uzmspzxv@qacoders.com.br</msg>
<arg>${EMAIL_TEST}</arg>
<arg>${random_word}@qacoders.com.br</arg>
<doc>Makes a variable available everywhere within the scope of the current test.</doc>
<status status="PASS" start="2024-04-01T22:00:46.337505" elapsed="0.000000"/>
</kw>
<kw name="Log" owner="BuiltIn">
<msg time="2024-04-01T22:00:46.337505" level="INFO">uzmspzxv@qacoders.com.br</msg>
<arg>${EMAIL_TEST}</arg>
<doc>Logs the given message with the given level.</doc>
<status status="PASS" start="2024-04-01T22:00:46.337505" elapsed="0.000000"/>
</kw>
<status status="PASS" start="2024-04-01T22:00:46.335162" elapsed="0.002343"/>
</kw>
<kw name="Cadastrar um novo usuário criado" owner="serverest_tests">
<kw name="Create Dictionary" owner="BuiltIn">
<msg time="2024-04-01T22:00:46.337505" level="INFO">${body} = {'nome': 'Fulano da Silva', 'email': 'uzmspzxv@qacoders.com.br', 'password': 'teste', 'administrador': 'true'}</msg>
<var>${body}</var>
<arg>nome=${nome}</arg>
<arg>email=${EMAIL_TEST}</arg>
<arg>password=${pass}</arg>
<arg>administrador=${admin}</arg>
<doc>Creates and returns a dictionary based on the given ``items``.</doc>
<status status="PASS" start="2024-04-01T22:00:46.337505" elapsed="0.000000"/>
</kw>
<kw name="Log" owner="BuiltIn">
<msg time="2024-04-01T22:00:46.341730" level="INFO">{'nome': 'Fulano da Silva', 'email': 'uzmspzxv@qacoders.com.br', 'password': 'teste', 'administrador': 'true'}</msg>
<arg>${body}</arg>
<doc>Logs the given message with the given level.</doc>
<status status="PASS" start="2024-04-01T22:00:46.337505" elapsed="0.004225"/>
</kw>
<kw name="Criar Sessão" owner="serverest_tests">
<kw name="Create Dictionary" owner="BuiltIn">
<msg time="2024-04-01T22:00:46.344394" level="INFO">${headers} = {'accept': 'application/json', 'Content-Type': 'application/json'}</msg>
<var>${headers}</var>
<arg>accept=application/json</arg>
<arg>Content-Type=application/json</arg>
<doc>Creates and returns a dictionary based on the given ``items``.</doc>
<status status="PASS" start="2024-04-01T22:00:46.344394" elapsed="0.000000"/>
</kw>
<kw name="Create Session" owner="RequestsLibrary">
<msg time="2024-04-01T22:00:46.344394" level="INFO">Creating Session using : alias=APIServerest, url=https://serverest.dev/#, headers={'accept': 'application/json', 'Content-Type': 'application/json'},                     cookies={}, auth=None, timeout=None, proxies=None, verify=False,                     debug=0 </msg>
<arg>alias=${ALIAS}</arg>
<arg>url=${url}</arg>
<arg>headers=${headers}</arg>
<arg>disable_warnings=1</arg>
<doc>Create Session: create a HTTP session to a server</doc>
<status status="PASS" start="2024-04-01T22:00:46.344394" elapsed="0.002628"/>
</kw>
<status status="PASS" start="2024-04-01T22:00:46.341730" elapsed="0.005292"/>
</kw>
<kw name="POST On Session" owner="RequestsLibrary">
<msg time="2024-04-01T22:00:46.818219" level="INFO">POST Request : url=https://serverest.dev/usuarios 
 path_url=/usuarios 
 headers={'User-Agent': 'python-requests/2.31.0', 'Accept-Encoding': 'gzip, deflate', 'accept': 'application/json', 'Connection': 'keep-alive', 'Content-Type': 'application/json', 'Content-Length': '110'} 
 body=b'{"nome": "Fulano da Silva", "email": "uzmspzxv@qacoders.com.br", "password": "teste", "administrador": "true"}' 
 </msg>
<msg time="2024-04-01T22:00:46.818219" level="INFO">POST Response : url=https://serverest.dev/usuarios 
 status=201, reason=Created 
 headers={'access-control-allow-origin': '*', 'x-dns-prefetch-control': 'off', 'x-frame-options': 'SAMEORIGIN', 'strict-transport-security': 'max-age=15552000; includeSubDomains', 'x-download-options': 'noopen', 'x-content-type-options': 'nosniff', 'x-xss-protection': '1; mode=block', 'content-type': 'application/json; charset=utf-8', 'X-Cloud-Trace-Context': '29f3cbd06b66de6b9942b8f903443897', 'Date': 'Tue, 02 Apr 2024 01:00:47 GMT', 'Server': 'Google Frontend', 'Content-Length': '82'} 
 body={
    "message": "Cadastro realizado com sucesso",
    "_id": "e8Ti3cnBpy2FIw4D"
} 
 </msg>
<msg time="2024-04-01T22:00:46.818219" level="INFO">${resposta} = &lt;Response [201]&gt;</msg>
<var>${resposta}</var>
<arg>alias=${ALIAS}</arg>
<arg>url=/usuarios</arg>
<arg>json=${body}</arg>
<doc>Sends a POST request on a previously created HTTP Session.</doc>
<status status="PASS" start="2024-04-01T22:00:46.347022" elapsed="0.471197"/>
</kw>
<kw name="Log" owner="BuiltIn">
<msg time="2024-04-01T22:00:46.818219" level="INFO">{'message': 'Cadastro realizado com sucesso', '_id': 'e8Ti3cnBpy2FIw4D'}</msg>
<arg>${resposta.json()}</arg>
<doc>Logs the given message with the given level.</doc>
<status status="PASS" start="2024-04-01T22:00:46.818219" elapsed="0.000000"/>
</kw>
<kw name="Set Test Variable" owner="BuiltIn">
<msg time="2024-04-01T22:00:46.818219" level="INFO">${ID_USER} = e8Ti3cnBpy2FIw4D</msg>
<arg>${ID_USER}</arg>
<arg>${resposta.json()["_id"]}</arg>
<doc>Makes a variable available everywhere within the scope of the current test.</doc>
<status status="PASS" start="2024-04-01T22:00:46.818219" elapsed="0.000000"/>
</kw>
<kw name="Set Test Variable" owner="BuiltIn">
<msg time="2024-04-01T22:00:46.818219" level="INFO">${RESPOSTA} = {'message': 'Cadastro realizado com sucesso', '_id': 'e8Ti3cnBpy2FIw4D'}</msg>
<arg>${RESPOSTA}</arg>
<arg>${resposta.json()}</arg>
<doc>Makes a variable available everywhere within the scope of the current test.</doc>
<status status="PASS" start="2024-04-01T22:00:46.818219" elapsed="0.000000"/>
</kw>
<status status="PASS" start="2024-04-01T22:00:46.337505" elapsed="0.480714"/>
</kw>
<kw name="Consultar os dados do usuário" owner="serverest_tests">
<kw name="GET On Session" owner="RequestsLibrary">
<msg time="2024-04-01T22:00:47.028052" level="INFO">GET Request : url=https://serverest.dev/usuarios/e8Ti3cnBpy2FIw4D 
 path_url=/usuarios/e8Ti3cnBpy2FIw4D 
 headers={'User-Agent': 'python-requests/2.31.0', 'Accept-Encoding': 'gzip, deflate', 'accept': 'application/json', 'Connection': 'keep-alive', 'Content-Type': 'application/json'} 
 body=None 
 </msg>
<msg time="2024-04-01T22:00:47.028052" level="INFO">GET Response : url=https://serverest.dev/usuarios/e8Ti3cnBpy2FIw4D 
 status=200, reason=OK 
 headers={'access-control-allow-origin': '*', 'x-dns-prefetch-control': 'off', 'x-frame-options': 'SAMEORIGIN', 'strict-transport-security': 'max-age=15552000; includeSubDomains', 'x-download-options': 'noopen', 'x-content-type-options': 'nosniff', 'x-xss-protection': '1; mode=block', 'content-type': 'application/json; charset=utf-8', 'X-Cloud-Trace-Context': '6c41dd3ae71f409d134d8d89b11c99ec', 'Date': 'Tue, 02 Apr 2024 01:00:47 GMT', 'Server': 'Google Frontend', 'Content-Length': '159'} 
 body={
    "nome": "Fulano da Silva",
    "email": "uzmspzxv@qacoders.com.br",
    "password": "teste",
    "administrador": "true",
    "_id": "e8Ti3cnBpy2FIw4D"
} 
 </msg>
<msg time="2024-04-01T22:00:47.028052" level="INFO">${resposta_consulta} = &lt;Response [200]&gt;</msg>
<var>${resposta_consulta}</var>
<arg>alias=${ALIAS}</arg>
<arg>url=/usuarios/${ID_USER}</arg>
<arg>expected_status=200</arg>
<doc>Sends a GET request on a previously created HTTP Session.</doc>
<status status="PASS" start="2024-04-01T22:00:46.818219" elapsed="0.209833"/>
</kw>
<kw name="Set Test Variable" owner="BuiltIn">
<msg time="2024-04-01T22:00:47.028052" level="INFO">${RESPOSTA_CONSULTA} = {'nome': 'Fulano da Silva', 'email': 'uzmspzxv@qacoders.com.br', 'password': 'teste', 'administrador': 'true', '_id': 'e8Ti3cnBpy2FIw4D'}</msg>
<arg>${RESPOSTA_CONSULTA}</arg>
<arg>${resposta_consulta.json()}</arg>
<doc>Makes a variable available everywhere within the scope of the current test.</doc>
<status status="PASS" start="2024-04-01T22:00:47.028052" elapsed="0.000000"/>
</kw>
<status status="PASS" start="2024-04-01T22:00:46.818219" elapsed="0.209833"/>
</kw>
<kw name="Alterar o perfil de acesso de true para false" owner="serverest_tests">
<kw name="PUT On Session" owner="RequestsLibrary">
<msg time="2024-04-01T22:00:47.194794" level="INFO">PUT Request : url=https://serverest.dev/usuarios/e8Ti3cnBpy2FIw4D 
 path_url=/usuarios/e8Ti3cnBpy2FIw4D 
 headers={'User-Agent': 'python-requests/2.31.0', 'Accept-Encoding': 'gzip, deflate', 'accept': 'application/json', 'Connection': 'keep-alive', 'Content-Type': 'application/json', 'Content-Length': '107'} 
 body={"nome":"Fulano da Silva", "email":"uzmspzxv@qacoders.com.br", "password":"teste", "administrador":"false"} 
 </msg>
<msg time="2024-04-01T22:00:47.194794" level="INFO">PUT Response : url=https://serverest.dev/usuarios/e8Ti3cnBpy2FIw4D 
 status=200, reason=OK 
 headers={'access-control-allow-origin': '*', 'x-dns-prefetch-control': 'off', 'x-frame-options': 'SAMEORIGIN', 'strict-transport-security': 'max-age=15552000; includeSubDomains', 'x-download-options': 'noopen', 'x-content-type-options': 'nosniff', 'x-xss-protection': '1; mode=block', 'content-type': 'application/json; charset=utf-8', 'X-Cloud-Trace-Context': 'cdc8b8b4c26e93247dc635120ba5eb07', 'Date': 'Tue, 02 Apr 2024 01:00:47 GMT', 'Server': 'Google Frontend', 'Content-Length': '50'} 
 body={
    "message": "Registro alterado com sucesso"
} 
 </msg>
<msg time="2024-04-01T22:00:47.194794" level="INFO">${alterar_perfil_usuario} = &lt;Response [200]&gt;</msg>
<var>${alterar_perfil_usuario}</var>
<arg>alias=APIServerest</arg>
<arg>url=/usuarios/${ID_USER}</arg>
<arg>expected_status=200</arg>
<arg>data={"nome":"${nome}", "email":"${EMAIL_TEST}", "password":"${pass}", "administrador":"false"}</arg>
<doc>Sends a PUT request on a previously created HTTP Session.</doc>
<status status="PASS" start="2024-04-01T22:00:47.031472" elapsed="0.163322"/>
</kw>
<status status="PASS" start="2024-04-01T22:00:47.031472" elapsed="0.163322"/>
</kw>
<kw name="Consultar os dados do usuário" owner="serverest_tests">
<kw name="GET On Session" owner="RequestsLibrary">
<msg time="2024-04-01T22:00:47.373227" level="INFO">GET Request : url=https://serverest.dev/usuarios/e8Ti3cnBpy2FIw4D 
 path_url=/usuarios/e8Ti3cnBpy2FIw4D 
 headers={'User-Agent': 'python-requests/2.31.0', 'Accept-Encoding': 'gzip, deflate', 'accept': 'application/json', 'Connection': 'keep-alive', 'Content-Type': 'application/json'} 
 body=None 
 </msg>
<msg time="2024-04-01T22:00:47.374339" level="INFO">GET Response : url=https://serverest.dev/usuarios/e8Ti3cnBpy2FIw4D 
 status=200, reason=OK 
 headers={'access-control-allow-origin': '*', 'x-dns-prefetch-control': 'off', 'x-frame-options': 'SAMEORIGIN', 'strict-transport-security': 'max-age=15552000; includeSubDomains', 'x-download-options': 'noopen', 'x-content-type-options': 'nosniff', 'x-xss-protection': '1; mode=block', 'content-type': 'application/json; charset=utf-8', 'X-Cloud-Trace-Context': 'fd251ecbdc7e04bff1c50d40054f8b1c', 'Date': 'Tue, 02 Apr 2024 01:00:47 GMT', 'Server': 'Google Frontend', 'Content-Length': '160'} 
 body={
    "nome": "Fulano da Silva",
    "email": "uzmspzxv@qacoders.com.br",
    "password": "teste",
    "administrador": "false",
    "_id": "e8Ti3cnBpy2FIw4D"
} 
 </msg>
<msg time="2024-04-01T22:00:47.374339" level="INFO">${resposta_consulta} = &lt;Response [200]&gt;</msg>
<var>${resposta_consulta}</var>
<arg>alias=${ALIAS}</arg>
<arg>url=/usuarios/${ID_USER}</arg>
<arg>expected_status=200</arg>
<doc>Sends a GET request on a previously created HTTP Session.</doc>
<status status="PASS" start="2024-04-01T22:00:47.210416" elapsed="0.163923"/>
</kw>
<kw name="Set Test Variable" owner="BuiltIn">
<msg time="2024-04-01T22:00:47.375344" level="INFO">${RESPOSTA_CONSULTA} = {'nome': 'Fulano da Silva', 'email': 'uzmspzxv@qacoders.com.br', 'password': 'teste', 'administrador': 'false', '_id': 'e8Ti3cnBpy2FIw4D'}</msg>
<arg>${RESPOSTA_CONSULTA}</arg>
<arg>${resposta_consulta.json()}</arg>
<doc>Makes a variable available everywhere within the scope of the current test.</doc>
<status status="PASS" start="2024-04-01T22:00:47.374339" elapsed="0.001005"/>
</kw>
<status status="PASS" start="2024-04-01T22:00:47.210416" elapsed="0.164928"/>
</kw>
<status status="PASS" start="2024-04-01T22:00:46.335162" elapsed="1.040182"/>
</test>
<status status="PASS" start="2024-04-01T22:00:46.314574" elapsed="1.063844"/>
</suite>
<status status="PASS" start="2024-04-01T22:00:43.906243" elapsed="3.472346"/>
</suite>
<statistics>
<total>
<stat pass="4" fail="0" skip="0">All Tests</stat>
</total>
<tag>
</tag>
<suite>
<stat pass="4" fail="0" skip="0" id="s1" name="Tests">Tests</stat>
<stat pass="1" fail="0" skip="0" id="s1-s1" name="Delete Serverest">Tests.Delete Serverest</stat>
<stat pass="1" fail="0" skip="0" id="s1-s2" name="Get Serverest">Tests.Get Serverest</stat>
<stat pass="1" fail="0" skip="0" id="s1-s3" name="Post Serverest">Tests.Post Serverest</stat>
<stat pass="1" fail="0" skip="0" id="s1-s4" name="Put Serverest">Tests.Put Serverest</stat>
</suite>
</statistics>
<errors>
</errors>
</robot>
